<?xml version="1.0" encoding="UTF-8"?><testsuite name="nosetests" tests="12" errors="6" failures="0" skip="0"><testcase classname="test.TestUnits" name="testCreateCsvUrl" time="0.011" /><testcase classname="test.TestUnits" name="testGenerateInsert" time="0.010" /><testcase classname="test.TestUnits" name="testGenerateUrl" time="0.010" /><testcase classname="test.TestUnits" name="testGenerateUrlSequence" time="0.011" /><testcase classname="test.TestUnits" name="testProcessLiveCsv" time="0.183" /><testcase classname="test.TestUnits" name="testRetrieveCsvFromUrlSeqeuenc" time="9.226" /><testcase classname="test.TestUnits" name="testCreateCsvUrl" time="0.012"><error type="exceptions.NameError" message="global name 'Spider' is not defined"><![CDATA[Traceback (most recent call last):
  File "/usr/lib/python2.7/unittest/case.py", line 325, in run
    self.setUp()
  File "/home/twisterius/projects/spider/tests/test.py", line 122, in setUp
    self.spider_instance = Spider(url_format=url_format,
NameError: global name 'Spider' is not defined
]]></error></testcase><testcase classname="test.TestUnits" name="testGenerateInsert" time="0.010"><error type="exceptions.NameError" message="global name 'Spider' is not defined"><![CDATA[Traceback (most recent call last):
  File "/usr/lib/python2.7/unittest/case.py", line 325, in run
    self.setUp()
  File "/home/twisterius/projects/spider/tests/test.py", line 122, in setUp
    self.spider_instance = Spider(url_format=url_format,
NameError: global name 'Spider' is not defined
]]></error></testcase><testcase classname="test.TestUnits" name="testGenerateUrl" time="0.010"><error type="exceptions.NameError" message="global name 'Spider' is not defined"><![CDATA[Traceback (most recent call last):
  File "/usr/lib/python2.7/unittest/case.py", line 325, in run
    self.setUp()
  File "/home/twisterius/projects/spider/tests/test.py", line 122, in setUp
    self.spider_instance = Spider(url_format=url_format,
NameError: global name 'Spider' is not defined
]]></error></testcase><testcase classname="test.TestUnits" name="testGenerateUrlSequence" time="0.009"><error type="exceptions.NameError" message="global name 'Spider' is not defined"><![CDATA[Traceback (most recent call last):
  File "/usr/lib/python2.7/unittest/case.py", line 325, in run
    self.setUp()
  File "/home/twisterius/projects/spider/tests/test.py", line 122, in setUp
    self.spider_instance = Spider(url_format=url_format,
NameError: global name 'Spider' is not defined
]]></error></testcase><testcase classname="test.TestUnits" name="testProcessLiveCsv" time="0.009"><error type="exceptions.NameError" message="global name 'Spider' is not defined"><![CDATA[Traceback (most recent call last):
  File "/usr/lib/python2.7/unittest/case.py", line 325, in run
    self.setUp()
  File "/home/twisterius/projects/spider/tests/test.py", line 122, in setUp
    self.spider_instance = Spider(url_format=url_format,
NameError: global name 'Spider' is not defined
]]></error></testcase><testcase classname="test.TestUnits" name="testRetrieveCsvFromUrlSeqeuenc" time="0.010"><error type="exceptions.NameError" message="global name 'Spider' is not defined"><![CDATA[Traceback (most recent call last):
  File "/usr/lib/python2.7/unittest/case.py", line 325, in run
    self.setUp()
  File "/home/twisterius/projects/spider/tests/test.py", line 122, in setUp
    self.spider_instance = Spider(url_format=url_format,
NameError: global name 'Spider' is not defined
]]></error></testcase></testsuite>