<?xml version="1.0" encoding="UTF-8"?><testsuite name="nosetests" tests="6" errors="0" failures="0" skip="0"><testcase classname="spider.test.TestUnits" name="testCreateCsvUrl" time="0.011" /><testcase classname="spider.test.TestUnits" name="testGenerateInsert" time="0.010" /><testcase classname="spider.test.TestUnits" name="testGenerateUrl" time="0.010" /><testcase classname="spider.test.TestUnits" name="testGenerateUrlSequence" time="0.011" /><testcase classname="spider.test.TestUnits" name="testProcessLiveCsv" time="0.170" /><testcase classname="spider.test.TestUnits" name="testRetrieveCsvFromUrlSeqeuenc" time="9.209" /></testsuite>