<?xml version="1.0" encoding="UTF-8"?><testsuite name="nosetests" tests="6" errors="0" failures="0" skip="0"><testcase classname="test.TestUnits" name="testCreateCsvUrl" time="0.009" /><testcase classname="test.TestUnits" name="testGenerateInsert" time="0.010" /><testcase classname="test.TestUnits" name="testGenerateUrl" time="0.007" /><testcase classname="test.TestUnits" name="testGenerateUrlSequence" time="0.008" /><testcase classname="test.TestUnits" name="testProcessLiveCsv" time="0.133" /><testcase classname="test.TestUnits" name="testRetrieveCsvFromUrlSeqeuenc" time="6.955" /></testsuite>